<?xml version="1.0" encoding="UTF-8"?>
<testsuite name="com.ber.config_server.ConfigServerApplicationTests" tests="1" skipped="0" failures="0" errors="0" timestamp="2024-11-19T07:58:29" hostname="naoufals-MBP" time="1.27">
  <properties/>
  <testcase name="contextLoads()" classname="com.ber.config_server.ConfigServerApplicationTests" time="1.27"/>
  <system-out><![CDATA[08:58:22.258 [Test worker] INFO org.springframework.test.context.support.AnnotationConfigContextLoaderUtils -- Could not detect default configuration classes for test class [com.ber.config_server.ConfigServerApplicationTests]: ConfigServerApplicationTests does not declare any static, non-private, non-final, nested classes annotated with @Configuration.
08:58:22.471 [Test worker] INFO org.springframework.boot.test.context.SpringBootTestContextBootstrapper -- Found @SpringBootConfiguration com.ber.config_server.ConfigServerApplication for test class com.ber.config_server.ConfigServerApplicationTests

  .   ____          _            __ _ _
 /\\ / ___'_ __ _ _(_)_ __  __ _ \ \ \ \
( ( )\___ | '_ | '_| | '_ \/ _` | \ \ \ \
 \\/  ___)| |_)| | | | | || (_| |  ) ) ) )
  '  |____| .__|_| |_|_| |_\__, | / / / /
 =========|_|==============|___/=/_/_/_/

 :: Spring Boot ::                (v3.3.5)

2024-11-19T08:58:23.374+01:00  INFO 16603 --- [config-server] [    Test worker] c.b.c.ConfigServerApplicationTests       : Starting ConfigServerApplicationTests using Java 17.0.8 with PID 16603 (started by berouain in /Users/berouain/Documents/Projects/backend/microservices/springCloud/config-server)
2024-11-19T08:58:23.379+01:00  INFO 16603 --- [config-server] [    Test worker] c.b.c.ConfigServerApplicationTests       : The following 1 profile is active: "native"
2024-11-19T08:58:25.835+01:00  INFO 16603 --- [config-server] [    Test worker] o.s.cloud.context.scope.GenericScope     : BeanFactory id=0cf16bfc-4e4f-3aad-b002-da40a25ff6e8
2024-11-19T08:58:26.430+01:00  INFO 16603 --- [config-server] [    Test worker] o.s.b.w.embedded.tomcat.TomcatWebServer  : Tomcat initialized with port 0 (http)
2024-11-19T08:58:26.454+01:00  INFO 16603 --- [config-server] [    Test worker] o.apache.catalina.core.StandardService   : Starting service [Tomcat]
2024-11-19T08:58:26.455+01:00  INFO 16603 --- [config-server] [    Test worker] o.apache.catalina.core.StandardEngine    : Starting Servlet engine: [Apache Tomcat/10.1.31]
2024-11-19T08:58:26.571+01:00  INFO 16603 --- [config-server] [    Test worker] o.a.c.c.C.[Tomcat].[localhost].[/]       : Initializing Spring embedded WebApplicationContext
2024-11-19T08:58:26.573+01:00  INFO 16603 --- [config-server] [    Test worker] w.s.c.ServletWebServerApplicationContext : Root WebApplicationContext: initialization completed in 3157 ms
2024-11-19T08:58:27.066+01:00  WARN 16603 --- [config-server] [    Test worker] .s.s.UserDetailsServiceAutoConfiguration : 

Using generated security password: 161cecdf-4657-4885-be20-9615ee15feba

This generated password is for development use only. Your security configuration must be updated before running your application in production.

2024-11-19T08:58:27.102+01:00  INFO 16603 --- [config-server] [    Test worker] r$InitializeUserDetailsManagerConfigurer : Global AuthenticationManager configured with UserDetailsService bean with name inMemoryUserDetailsManager
2024-11-19T08:58:28.691+01:00  INFO 16603 --- [config-server] [    Test worker] o.s.b.a.e.web.EndpointLinksResolver      : Exposing 16 endpoints beneath base path '/actuator'
2024-11-19T08:58:29.452+01:00  INFO 16603 --- [config-server] [    Test worker] o.s.b.w.embedded.tomcat.TomcatWebServer  : Tomcat started on port 53521 (http) with context path '/'
2024-11-19T08:58:29.519+01:00  INFO 16603 --- [config-server] [    Test worker] c.b.c.ConfigServerApplicationTests       : Started ConfigServerApplicationTests in 6.732 seconds (process running for 9.045)
]]></system-out>
  <system-err><![CDATA[]]></system-err>
</testsuite>
